app/build/outputs/logs/manifest-merger-debug-report.txt
-- Merging decision tree log ---
manifest
ADDED from src\main\AndroidManifest.xml:2:1-190:12
	xmlns:android
		ADDED from src\main\AndroidManifest.xml:2:11-69
	package
		ADDED from src\main\AndroidManifest.xml:3:5-58
		INJECTED from src\main\AndroidManifest.xml
		INJECTED from src\main\AndroidManifest.xml
	android:versionName
		ADDED from src\main\AndroidManifest.xml:5:5-30
		INJECTED from src\main\AndroidManifest.xml
		INJECTED from src\main\AndroidManifest.xml
	android:versionCode
		ADDED from src\main\AndroidManifest.xml:4:5-30
		INJECTED from src\main\AndroidManifest.xml
		INJECTED from src\main\AndroidManifest.xml
uses-sdk
ADDED from src\main\AndroidManifest.xml:15:5-74
	android:targetSdkVersion
		ADDED from src\main\AndroidManifest.xml:15:42-71
		INJECTED from src\main\AndroidManifest.xml
		INJECTED from src\main\AndroidManifest.xml
	android:minSdkVersion
		ADDED from src\main\AndroidManifest.xml:15:15-41
		INJECTED from src\main\AndroidManifest.xml
		INJECTED from src\main\AndroidManifest.xml
uses-feature#0x00020000
ADDED from src\main\AndroidManifest.xml:17:5-54
	android:glEsVersion
		ADDED from src\main\AndroidManifest.xml:17:19-51
uses-feature#android.hardware.camera
ADDED from src\main\AndroidManifest.xml:33:5-60
	android:name
		ADDED from src\main\AndroidManifest.xml:33:19-57
uses-permission#android.permission.CAMERA
ADDED from src\main\AndroidManifest.xml:38:5-65
	android:name
		ADDED from src\main\AndroidManifest.xml:38:22-62
uses-permission#android.permission.INTERNET
ADDED from src\main\AndroidManifest.xml:43:5-66
	android:name
		ADDED from src\main\AndroidManifest.xml:43:22-64
uses-permission#android.permission.ACCESS_NETWORK_STATE
ADDED from src\main\AndroidManifest.xml:49:5-79
	android:name
		ADDED from src\main\AndroidManifest.xml:49:22-76
uses-permission#android.permission.READ_EXTERNAL_STORAGE
ADDED from src\main\AndroidManifest.xml:51:5-79
	android:name
		ADDED from src\main\AndroidManifest.xml:51:22-77
application
ADDED from src\main\AndroidManifest.xml:63:5-188:19
	android:label
		ADDED from src\main\AndroidManifest.xml:65:9-41
	android:allowBackup
		ADDED from src\main\AndroidManifest.xml:68:9-35
	android:icon
		ADDED from src\main\AndroidManifest.xml:64:9-38
	android:theme
		ADDED from src\main\AndroidManifest.xml:69:9-47
	android:description
		ADDED from src\main\AndroidManifest.xml:66:9-54
	android:launchMode
		ADDED from src\main\AndroidManifest.xml:67:9-40
activity#com.qualcomm.vuforia.samples.VuforiaSamples.ui.ActivityList.ActivitySplashScreen
ADDED from src\main\AndroidManifest.xml:88:10-99:21
	android:screenOrientation
		ADDED from src\main\AndroidManifest.xml:91:13-49
	android:noHistory
		ADDED from src\main\AndroidManifest.xml:92:13-37
	android:configChanges
		ADDED from src\main\AndroidManifest.xml:90:13-93
	android:name
		ADDED from src\main\AndroidManifest.xml:89:13-65
intent-filter#android.intent.action.MAIN+android.intent.category.LAUNCHER
ADDED from src\main\AndroidManifest.xml:94:13-98:29
action#android.intent.action.MAIN
ADDED from src\main\AndroidManifest.xml:95:17-69
	android:name
		ADDED from src\main\AndroidManifest.xml:95:25-66
category#android.intent.category.LAUNCHER
ADDED from src\main\AndroidManifest.xml:97:17-77
	android:name
		ADDED from src\main\AndroidManifest.xml:97:27-74
activity#com.qualcomm.vuforia.samples.VuforiaSamples.ui.ActivityList.ActivityLauncher
ADDED from src\main\AndroidManifest.xml:101:9-106:20
	android:screenOrientation
		ADDED from src\main\AndroidManifest.xml:104:13-49
	android:configChanges
		ADDED from src\main\AndroidManifest.xml:103:13-93
	android:name
		ADDED from src\main\AndroidManifest.xml:102:13-61
activity#com.qualcomm.vuforia.samples.VuforiaSamples.ui.ActivityList.AboutScreen
ADDED from src\main\AndroidManifest.xml:108:10-114:20
	android:screenOrientation
		ADDED from src\main\AndroidManifest.xml:111:13-49
	android:noHistory
		ADDED from src\main\AndroidManifest.xml:112:13-37
	android:configChanges
		ADDED from src\main\AndroidManifest.xml:110:13-93
	android:name
		ADDED from src\main\AndroidManifest.xml:109:13-56
activity#com.qualcomm.vuforia.samples.VuforiaSamples.app.ImageTargets.ImageTargets
ADDED from src\main\AndroidManifest.xml:116:9-122:20
	android:configChanges
		ADDED from src\main\AndroidManifest.xml:118:13-93
	android:theme
		ADDED from src\main\AndroidManifest.xml:119:10-48
	android:name
		ADDED from src\main\AndroidManifest.xml:117:13-58
	android:launchMode
		ADDED from src\main\AndroidManifest.xml:120:11-42
activity#com.qualcomm.vuforia.samples.VuforiaSamples.app.TextRecognition.TextReco
ADDED from src\main\AndroidManifest.xml:124:9-130:20
	android:configChanges
		ADDED from src\main\AndroidManifest.xml:126:13-93
	android:theme
		ADDED from src\main\AndroidManifest.xml:127:10-48
	android:name
		ADDED from src\main\AndroidManifest.xml:125:13-57
	android:launchMode
		ADDED from src\main\AndroidManifest.xml:128:12-43
activity#com.qualcomm.vuforia.samples.VuforiaSamples.app.CylinderTargets.CylinderTargets
ADDED from src\main\AndroidManifest.xml:132:9-138:20
	android:configChanges
		ADDED from src\main\AndroidManifest.xml:134:13-93
	android:theme
		ADDED from src\main\AndroidManifest.xml:135:10-48
	android:name
		ADDED from src\main\AndroidManifest.xml:133:13-64
	android:launchMode
		ADDED from src\main\AndroidManifest.xml:136:11-42
activity#com.qualcomm.vuforia.samples.VuforiaSamples.app.FrameMarkers.FrameMarkers
ADDED from src\main\AndroidManifest.xml:140:9-146:20
	android:configChanges
		ADDED from src\main\AndroidManifest.xml:142:13-93
	android:theme
		ADDED from src\main\AndroidManifest.xml:143:10-48
	android:name
		ADDED from src\main\AndroidManifest.xml:141:13-58
	android:launchMode
		ADDED from src\main\AndroidManifest.xml:144:11-42
activity#com.qualcomm.vuforia.samples.VuforiaSamples.app.VirtualButtons.VirtualButtons
ADDED from src\main\AndroidManifest.xml:148:9-154:20
	android:configChanges
		ADDED from src\main\AndroidManifest.xml:150:13-93
	android:theme
		ADDED from src\main\AndroidManifest.xml:151:10-48
	android:name
		ADDED from src\main\AndroidManifest.xml:149:13-62
	android:launchMode
		ADDED from src\main\AndroidManifest.xml:152:11-42
activity#com.qualcomm.vuforia.samples.VuforiaSamples.app.UserDefinedTargets.UserDefinedTargets
ADDED from src\main\AndroidManifest.xml:156:9-162:20
	android:configChanges
		ADDED from src\main\AndroidManifest.xml:158:13-93
	android:theme
		ADDED from src\main\AndroidManifest.xml:159:10-48
	android:name
		ADDED from src\main\AndroidManifest.xml:157:13-70
	android:launchMode
		ADDED from src\main\AndroidManifest.xml:160:11-42
activity#com.qualcomm.vuforia.samples.VuforiaSamples.app.MultiTargets.MultiTargets
ADDED from src\main\AndroidManifest.xml:164:9-170:20
	android:configChanges
		ADDED from src\main\AndroidManifest.xml:166:13-93
	android:theme
		ADDED from src\main\AndroidManifest.xml:167:10-48
	android:name
		ADDED from src\main\AndroidManifest.xml:165:13-58
	android:launchMode
		ADDED from src\main\AndroidManifest.xml:168:11-42
activity#com.qualcomm.vuforia.samples.VuforiaSamples.app.CloudRecognition.CloudReco
ADDED from src\main\AndroidManifest.xml:172:9-178:20
	android:configChanges
		ADDED from src\main\AndroidManifest.xml:174:13-93
	android:theme
		ADDED from src\main\AndroidManifest.xml:175:10-48
	android:name
		ADDED from src\main\AndroidManifest.xml:173:13-59
	android:launchMode
		ADDED from src\main\AndroidManifest.xml:176:11-42
activity#com.qualcomm.vuforia.samples.VuforiaSamples.app.ObjectRecognition.ObjectTargets
ADDED from src\main\AndroidManifest.xml:180:9-186:20
	android:configChanges
		ADDED from src\main\AndroidManifest.xml:182:13-93
	android:theme
		ADDED from src\main\AndroidManifest.xml:183:10-48
	android:name
		ADDED from src\main\AndroidManifest.xml:181:13-64
	android:launchMode
		ADDED from src\main\AndroidManifest.xml:184:11-42